0 info it worked if it ends with ok
1 verbose cli [ '/usr/local/bin/node',
1 verbose cli   '/usr/local/bin/npm',
1 verbose cli   'start',
1 verbose cli   '--cache',
1 verbose cli   '/data/.npm',
1 verbose cli   '--',
1 verbose cli   '--userDir',
1 verbose cli   '/data' ]
2 info using npm@6.14.4
3 info using node@v10.21.0
4 verbose config Skipping project config: /usr/src/node-red/.npmrc. (matches userconfig)
5 verbose run-script [ 'prestart', 'start', 'poststart' ]
6 info lifecycle node-master@1.0.0~prestart: node-master@1.0.0
7 info lifecycle node-master@1.0.0~start: node-master@1.0.0
8 verbose lifecycle node-master@1.0.0~start: unsafe-perm in lifecycle true
9 verbose lifecycle node-master@1.0.0~start: PATH: /usr/local/lib/node_modules/npm/node_modules/npm-lifecycle/node-gyp-bin:/usr/src/node-red/node_modules/.bin:/usr/local/sbin:/usr/local/bin:/usr/sbin:/usr/bin:/sbin:/bin
10 verbose lifecycle node-master@1.0.0~start: CWD: /usr/src/node-red
11 silly lifecycle node-master@1.0.0~start: Args: [ '-c',
11 silly lifecycle   'node $NODE_OPTIONS node_modules/node-red/red.js $FLOWS "--userDir" "/data"' ]
12 silly lifecycle node-master@1.0.0~start: Returned: code: 1  signal: null
13 info lifecycle node-master@1.0.0~start: Failed to exec start script
14 verbose stack Error: node-master@1.0.0 start: `node $NODE_OPTIONS node_modules/node-red/red.js $FLOWS "--userDir" "/data"`
14 verbose stack Exit status 1
14 verbose stack     at EventEmitter.<anonymous> (/usr/local/lib/node_modules/npm/node_modules/npm-lifecycle/index.js:332:16)
14 verbose stack     at EventEmitter.emit (events.js:198:13)
14 verbose stack     at ChildProcess.<anonymous> (/usr/local/lib/node_modules/npm/node_modules/npm-lifecycle/lib/spawn.js:55:14)
14 verbose stack     at ChildProcess.emit (events.js:198:13)
14 verbose stack     at maybeClose (internal/child_process.js:982:16)
14 verbose stack     at Process.ChildProcess._handle.onexit (internal/child_process.js:259:5)
15 verbose pkgid node-master@1.0.0
16 verbose cwd /usr/src/node-red
17 verbose Linux 5.4.0-40-generic
18 verbose argv "/usr/local/bin/node" "/usr/local/bin/npm" "start" "--cache" "/data/.npm" "--" "--userDir" "/data"
19 verbose node v10.21.0
20 verbose npm  v6.14.4
21 error code ELIFECYCLE
22 error errno 1
23 error node-master@1.0.0 start: `node $NODE_OPTIONS node_modules/node-red/red.js $FLOWS "--userDir" "/data"`
23 error Exit status 1
24 error Failed at the node-master@1.0.0 start script.
24 error This is probably not a problem with npm. There is likely additional logging output above.
25 verbose exit [ 1, true ]
